<?xml version="1.0" encoding="UTF-8"?>
<!-- Generated by org.testng.reporters.JUnitReportReporter -->
<testsuite hostname="DESKTOP-UBB8G96" failures="0" tests="2" name="CustomerInfo" time="5.223" errors="0" timestamp="2021-02-21T14:56:02 IST" skipped="0">
  <testcase classname="CustomerInfo" name="getResponseBody" time="0.784"/>
  <system-out/>
  <testcase classname="CustomerInfo" name="getNewResponseBody" time="4.439"/>
  <system-out/>
</testsuite> <!-- CustomerInfo -->
