<?xml version="1.0" encoding="UTF-8"?>
<!-- Generated by org.testng.reporters.JUnitReportReporter -->
<testsuite hostname="DESKTOP-UBB8G96" failures="0" tests="1" name="files.DynamicJson2" time="8.984" errors="0" timestamp="2021-02-19T17:03:14 IST" skipped="0">
  <testcase classname="files.DynamicJson2" name="deleteBook" time="8.984"/>
  <system-out/>
</testsuite> <!-- files.DynamicJson2 -->
